Removed Pin From Net: NetName=3.3V Pin=P2-1
Removed Pin From Net: NetName=5V Pin=P2-2
Removed Pin From Net: NetName=SDA Pin=P2-3
Removed Pin From Net: NetName=5V Pin=P2-4
Removed Pin From Net: NetName=SCL Pin=P2-5
Removed Pin From Net: NetName=GND Pin=P2-6
Removed Pin From Net: NetName=GPS_TX Pin=P2-8
Removed Pin From Net: NetName=GND Pin=P2-9
Removed Pin From Net: NetName=GPS_RX Pin=P2-10
Removed Pin From Net: NetName=MQ7 Pin=P2-12
Removed Pin From Net: NetName=US_TRIG Pin=P2-13
Removed Pin From Net: NetName=GND Pin=P2-14
Removed Pin From Net: NetName=US_ECHO Pin=P2-15
Removed Pin From Net: NetName=RAIN Pin=P2-16
Removed Pin From Net: NetName=3.3V Pin=P2-17
Removed Pin From Net: NetName=DHT11 Pin=P2-18
Removed Pin From Net: NetName=GND Pin=P2-20
Removed Pin From Net: NetName=LDR Pin=P2-22
Removed Pin From Net: NetName=GND Pin=P2-25
Removed Pin From Net: NetName=GND Pin=P2-30
Removed Pin From Net: NetName=GND Pin=P2-34
Removed Pin From Net: NetName=GND Pin=P2-39
Removed Pin From Net: NetName=MQ135 Pin=P2-40
Added Component: Designator=P?(HDR2X20)
Added Pin To Net: NetName=3.3V Pin=P?-1
Added Pin To Net: NetName=5V Pin=P?-2
Added Pin To Net: NetName=SDA Pin=P?-3
Added Pin To Net: NetName=5V Pin=P?-4
Added Pin To Net: NetName=SCL Pin=P?-5
Added Pin To Net: NetName=GND Pin=P?-6
Added Pin To Net: NetName=GPS_TX Pin=P?-8
Added Pin To Net: NetName=GND Pin=P?-9
Added Pin To Net: NetName=GPS_RX Pin=P?-10
Added Pin To Net: NetName=MQ7 Pin=P?-12
Added Pin To Net: NetName=US_TRIG Pin=P?-13
Added Pin To Net: NetName=GND Pin=P?-14
Added Pin To Net: NetName=US_ECHO Pin=P?-15
Added Pin To Net: NetName=RAIN Pin=P?-16
Added Pin To Net: NetName=3.3V Pin=P?-17
Added Pin To Net: NetName=DHT11 Pin=P?-18
Added Pin To Net: NetName=GND Pin=P?-20
Added Pin To Net: NetName=LDR Pin=P?-22
Added Pin To Net: NetName=GND Pin=P?-25
Added Pin To Net: NetName=GND Pin=P?-30
Added Pin To Net: NetName=GND Pin=P?-34
Added Pin To Net: NetName=GND Pin=P?-39
Added Pin To Net: NetName=MQ135 Pin=P?-40
Added Class: Name=Sheet1
Added Room: Name=Sheet1
